2025-08-06 10:09:59 - INFO - Scrapy 2.13.3 started (bot: bankratescrapping)
2025-08-06 10:10:00 - INFO - Versions:
{'lxml': '6.0.0',
 'libxml2': '2.11.9',
 'cssselect': '1.3.0',
 'parsel': '1.10.0',
 'w3lib': '2.3.1',
 'Twisted': '25.5.0',
 'Python': '3.12.4 (tags/v3.12.4:8e8a4ba, Jun  6 2024, 19:30:16) [MSC v.1940 '
           '64 bit (AMD64)]',
 'pyOpenSSL': '25.1.0 (OpenSSL 3.5.1 1 Jul 2025)',
 'cryptography': '45.0.5',
 'Platform': 'Windows-11-10.0.26100-SP0'}
2025-08-06 10:10:00 - INFO - Enabled addons:
[]
2025-08-06 10:10:00 - INFO - Telnet Password: 4c02cc33f99ab40a
2025-08-06 10:10:00 - INFO - Enabled extensions:
['scrapy.extensions.corestats.CoreStats',
 'scrapy.extensions.telnet.TelnetConsole',
 'scrapy.extensions.logstats.LogStats']
2025-08-06 10:10:00 - INFO - Overridden settings:
{'BOT_NAME': 'bankratescrapping',
 'LOG_FILE': 'scrapy_log.log',
 'LOG_FORMAT': '%(asctime)s - %(levelname)s - %(message)s',
 'LOG_LEVEL': 'INFO',
 'NEWSPIDER_MODULE': 'bankratescrapping.spiders',
 'SPIDER_MODULES': ['bankratescrapping.spiders'],
 'USER_AGENT': 'Mozilla/5.0 (Windows NT 10.0; Win64; x64) AppleWebKit/537.36 '
               '(KHTML, like Gecko) Chrome/122.0.0.0 Safari/537.36'}
2025-08-06 10:10:00 - INFO - Enabled downloader middlewares:
['scrapy.downloadermiddlewares.offsite.OffsiteMiddleware',
 'scrapy.downloadermiddlewares.httpauth.HttpAuthMiddleware',
 'scrapy.downloadermiddlewares.downloadtimeout.DownloadTimeoutMiddleware',
 'scrapy.downloadermiddlewares.defaultheaders.DefaultHeadersMiddleware',
 'scrapy.downloadermiddlewares.useragent.UserAgentMiddleware',
 'scrapy.downloadermiddlewares.retry.RetryMiddleware',
 'scrapy.downloadermiddlewares.redirect.MetaRefreshMiddleware',
 'scrapy.downloadermiddlewares.httpcompression.HttpCompressionMiddleware',
 'scrapy.downloadermiddlewares.redirect.RedirectMiddleware',
 'scrapy.downloadermiddlewares.cookies.CookiesMiddleware',
 'scrapy.downloadermiddlewares.httpproxy.HttpProxyMiddleware',
 'scrapy.downloadermiddlewares.stats.DownloaderStats']
2025-08-06 10:10:00 - INFO - Enabled spider middlewares:
['scrapy.spidermiddlewares.start.StartSpiderMiddleware',
 'scrapy.spidermiddlewares.httperror.HttpErrorMiddleware',
 'scrapy.spidermiddlewares.referer.RefererMiddleware',
 'scrapy.spidermiddlewares.urllength.UrlLengthMiddleware',
 'scrapy.spidermiddlewares.depth.DepthMiddleware']
2025-08-06 10:10:00 - INFO - Enabled item pipelines:
[]
2025-08-06 10:10:00 - INFO - Spider opened
2025-08-06 10:10:00 - INFO - Crawled 0 pages (at 0 pages/min), scraped 0 items (at 0 items/min)
2025-08-06 10:10:00 - INFO - Telnet console listening on 127.0.0.1:6023
2025-08-06 10:10:05 - INFO - Closing spider (finished)
2025-08-06 10:10:05 - INFO - Dumping Scrapy stats:
{'downloader/request_bytes': 318,
 'downloader/request_count': 1,
 'downloader/request_method_count/GET': 1,
 'downloader/response_bytes': 126004,
 'downloader/response_count': 1,
 'downloader/response_status_count/200': 1,
 'elapsed_time_seconds': 4.553863,
 'finish_reason': 'finished',
 'finish_time': datetime.datetime(2025, 8, 6, 4, 40, 5, 29667, tzinfo=datetime.timezone.utc),
 'httpcompression/response_bytes': 671075,
 'httpcompression/response_count': 1,
 'items_per_minute': 0.0,
 'log_count/INFO': 10,
 'response_received_count': 1,
 'responses_per_minute': 15.0,
 'scheduler/dequeued': 1,
 'scheduler/dequeued/memory': 1,
 'scheduler/enqueued': 1,
 'scheduler/enqueued/memory': 1,
 'start_time': datetime.datetime(2025, 8, 6, 4, 40, 0, 475804, tzinfo=datetime.timezone.utc)}
2025-08-06 10:10:05 - INFO - Spider closed (finished)
2025-08-06 10:19:32 - INFO - Scrapy 2.13.3 started (bot: bankratescrapping)
2025-08-06 10:19:33 - INFO - Versions:
{'lxml': '6.0.0',
 'libxml2': '2.11.9',
 'cssselect': '1.3.0',
 'parsel': '1.10.0',
 'w3lib': '2.3.1',
 'Twisted': '25.5.0',
 'Python': '3.12.4 (tags/v3.12.4:8e8a4ba, Jun  6 2024, 19:30:16) [MSC v.1940 '
           '64 bit (AMD64)]',
 'pyOpenSSL': '25.1.0 (OpenSSL 3.5.1 1 Jul 2025)',
 'cryptography': '45.0.5',
 'Platform': 'Windows-11-10.0.26100-SP0'}
2025-08-06 10:19:33 - INFO - Enabled addons:
[]
2025-08-06 10:19:33 - INFO - Telnet Password: f1fc2bd00ad38902
2025-08-06 10:19:33 - INFO - Enabled extensions:
['scrapy.extensions.corestats.CoreStats',
 'scrapy.extensions.telnet.TelnetConsole',
 'scrapy.extensions.logstats.LogStats']
2025-08-06 10:19:33 - INFO - Overridden settings:
{'BOT_NAME': 'bankratescrapping',
 'LOG_FILE': 'scrapy_log.log',
 'LOG_FORMAT': '%(asctime)s - %(levelname)s - %(message)s',
 'LOG_LEVEL': 'INFO',
 'NEWSPIDER_MODULE': 'bankratescrapping.spiders',
 'SPIDER_MODULES': ['bankratescrapping.spiders'],
 'USER_AGENT': 'Mozilla/5.0 (Windows NT 10.0; Win64; x64) AppleWebKit/537.36 '
               '(KHTML, like Gecko) Chrome/122.0.0.0 Safari/537.36'}
2025-08-06 10:19:33 - INFO - Enabled downloader middlewares:
['scrapy.downloadermiddlewares.offsite.OffsiteMiddleware',
 'scrapy.downloadermiddlewares.httpauth.HttpAuthMiddleware',
 'scrapy.downloadermiddlewares.downloadtimeout.DownloadTimeoutMiddleware',
 'scrapy.downloadermiddlewares.defaultheaders.DefaultHeadersMiddleware',
 'scrapy.downloadermiddlewares.useragent.UserAgentMiddleware',
 'scrapy.downloadermiddlewares.retry.RetryMiddleware',
 'scrapy.downloadermiddlewares.redirect.MetaRefreshMiddleware',
 'scrapy.downloadermiddlewares.httpcompression.HttpCompressionMiddleware',
 'scrapy.downloadermiddlewares.redirect.RedirectMiddleware',
 'scrapy.downloadermiddlewares.cookies.CookiesMiddleware',
 'scrapy.downloadermiddlewares.httpproxy.HttpProxyMiddleware',
 'scrapy.downloadermiddlewares.stats.DownloaderStats']
2025-08-06 10:19:33 - INFO - Enabled spider middlewares:
['scrapy.spidermiddlewares.start.StartSpiderMiddleware',
 'scrapy.spidermiddlewares.httperror.HttpErrorMiddleware',
 'scrapy.spidermiddlewares.referer.RefererMiddleware',
 'scrapy.spidermiddlewares.urllength.UrlLengthMiddleware',
 'scrapy.spidermiddlewares.depth.DepthMiddleware']
2025-08-06 10:19:33 - INFO - Enabled item pipelines:
[]
2025-08-06 10:19:33 - INFO - Spider opened
2025-08-06 10:19:33 - INFO - Crawled 0 pages (at 0 pages/min), scraped 0 items (at 0 items/min)
2025-08-06 10:19:33 - INFO - Telnet console listening on 127.0.0.1:6023
2025-08-06 10:19:35 - INFO - No new data for 2025-08-06. Skipping write.
2025-08-06 10:19:35 - INFO - Closing spider (finished)
2025-08-06 10:19:35 - INFO - Dumping Scrapy stats:
{'downloader/request_bytes': 318,
 'downloader/request_count': 1,
 'downloader/request_method_count/GET': 1,
 'downloader/response_bytes': 126006,
 'downloader/response_count': 1,
 'downloader/response_status_count/200': 1,
 'elapsed_time_seconds': 1.475059,
 'finish_reason': 'finished',
 'finish_time': datetime.datetime(2025, 8, 6, 4, 49, 35, 121452, tzinfo=datetime.timezone.utc),
 'httpcompression/response_bytes': 671075,
 'httpcompression/response_count': 1,
 'items_per_minute': 0.0,
 'log_count/INFO': 11,
 'response_received_count': 1,
 'responses_per_minute': 60.0,
 'scheduler/dequeued': 1,
 'scheduler/dequeued/memory': 1,
 'scheduler/enqueued': 1,
 'scheduler/enqueued/memory': 1,
 'start_time': datetime.datetime(2025, 8, 6, 4, 49, 33, 646393, tzinfo=datetime.timezone.utc)}
2025-08-06 10:19:35 - INFO - Spider closed (finished)
