Job started at: 2025-08-07 07:26:22
Running: Spider
Spider completed successfully.
All steps completed successfully.
Job ended at: 2025-08-07 07:26:24
Job started at: 2025-08-08 04:27:05
Running: Spider
Spider completed successfully.
All steps completed successfully.
Job ended at: 2025-08-08 04:27:07
Job started at: 2025-08-09 04:01:37
Running: Spider
Spider completed successfully.
All steps completed successfully.
Job ended at: 2025-08-09 04:01:38
Job started at: 2025-08-10 04:23:51
Running: Spider
Spider completed successfully.
All steps completed successfully.
Job ended at: 2025-08-10 04:23:52
Job started at: 2025-08-11 04:26:53
Running: Spider
Spider completed successfully.
All steps completed successfully.
Job ended at: 2025-08-11 04:26:56
Job started at: 2025-08-12 03:59:52
Running: Spider
Spider completed successfully.
All steps completed successfully.
Job ended at: 2025-08-12 03:59:52
